<?xml version="1.0" encoding="UTF-8"?>
<!-- Generated by org.testng.reporters.JUnitXMLReporter -->
<testsuite hostname="MacBook-Air.local" failures="0" tests="3" name="Command line test" time="6.672" errors="0" timestamp="10 May 2021 18:28:53 GMT">
  <testcase classname="DropboxAPITest" name="a_testUpload" time="4.684"/>
  <testcase classname="DropboxAPITest" name="b_testGetMetadata" time="0.757"/>
  <testcase classname="DropboxAPITest" name="c_testDelete" time="1.214"/>
</testsuite> <!-- Command line test -->
